<?xml version="1.0" encoding="UTF-8"?>
<!-- Generated by org.testng.reporters.JUnitReportReporter -->
<testsuite hostname="CORPLPW100314" failures="0" tests="2" name="com.athma.qa.testcases.LoginPageTest" time="21.205" errors="0" timestamp="2021-03-25T09:35:10 IST" skipped="0">
  <testcase classname="com.athma.qa.testcases.LoginPageTest" name="loginPagetitleTest" time="9.694"/>
  <system-out/>
  <testcase classname="com.athma.qa.testcases.LoginPageTest" name="loginIntoApp" time="11.511"/>
  <system-out/>
</testsuite> <!-- com.athma.qa.testcases.LoginPageTest -->
