<?xml version="1.0" encoding="UTF-8"?>
<!-- Generated by org.testng.reporters.JUnitReportReporter -->
<testsuite hostname="CORPLPW100314" failures="0" tests="3" name="com.athma.qa.testcases.PatientRegistrationTest" time="68.234" errors="0" timestamp="2021-03-25T09:35:10 IST" skipped="0">
  <testcase classname="com.athma.qa.testcases.PatientRegistrationTest" name="registrationTitleTest" time="24.547"/>
  <system-out/>
  <testcase classname="com.athma.qa.testcases.PatientRegistrationTest" name="createNewButtonTest" time="24.399"/>
  <system-out/>
  <testcase classname="com.athma.qa.testcases.PatientRegistrationTest" name="OpenRegistrationPage" time="19.288"/>
  <system-out/>
</testsuite> <!-- com.athma.qa.testcases.PatientRegistrationTest -->
